Using pre-set license
Built from '2020.3/staging' branch; Version is '2020.3.11f1 (99c7afb366b3) revision 10078127'; Using compiler version '192528614'; Build Type 'Release'
OS: 'Windows 10 Home Single Language; OS build 18363.1556; Version 1909; 64bit' Language: 'ru' Physical Memory: 7103 MB
BatchMode: 1, IsHumanControllingUs: 0, StartBugReporterOnCrash: 0, Is64bit: 1, IsPro: 0

 COMMAND LINE ARGUMENTS:
D:\Unity\2020.3.11f1\Editor\Unity.exe
-adb2
-batchMode
-noUpm
-name
AssetImportWorker0
-projectPath
D:/unity project/PockeyBall
-logFile
Logs/AssetImportWorker0.log
-srvPort
55991
Successfully changed project path to: D:/unity project/PockeyBall
D:/unity project/PockeyBall
Using Asset Import Pipeline V2.
Refreshing native plugins compatible for Editor in 92.86 ms, found 2 plugins.
Preloading 0 native plugins for Editor in 0.00 ms.
Initialize engine version: 2020.3.11f1 (99c7afb366b3)
[Subsystems] Discovering subsystems at path D:/Unity/2020.3.11f1/Editor/Data/Resources/UnitySubsystems
[Subsystems] Discovering subsystems at path D:/unity project/PockeyBall/Assets
GfxDevice: creating device client; threaded=0
Direct3D:
    Version:  Direct3D 11.0 [level 11.1]
    Renderer: AMD Radeon(TM) Vega 8 Graphics (ID=0x15d8)
    Vendor:   
    VRAM:     3551 MB
    Driver:   26.20.11030.22001
Initialize mono
Mono path[0] = 'D:/Unity/2020.3.11f1/Editor/Data/Managed'
Mono path[1] = 'D:/Unity/2020.3.11f1/Editor/Data/MonoBleedingEdge/lib/mono/unityjit'
Mono config path = 'D:/Unity/2020.3.11f1/Editor/Data/MonoBleedingEdge/etc'
Using monoOptions --debugger-agent=transport=dt_socket,embedding=1,server=y,suspend=n,address=127.0.0.1:56948
Begin MonoManager ReloadAssembly
Registering precompiled unity dll's ...
Register platform support module: D:/Unity/2020.3.11f1/Editor/Data/PlaybackEngines/WindowsStandaloneSupport/UnityEditor.WindowsStandalone.Extensions.dll
Registered in 0.001666 seconds.
Native extension for WindowsStandalone target not found
Refreshing native plugins compatible for Editor in 72.27 ms, found 2 plugins.
Preloading 0 native plugins for Editor in 0.00 ms.
Mono: successfully reloaded assembly
- Completed reload, in  3.364 seconds
Platform modules already initialized, skipping
Registering precompiled user dll's ...
Registered in 0.004944 seconds.
Begin MonoManager ReloadAssembly
Native extension for WindowsStandalone target not found
Refreshing native plugins compatible for Editor in 0.66 ms, found 2 plugins.
Preloading 0 native plugins for Editor in 0.00 ms.
Mono: successfully reloaded assembly
- Completed reload, in  2.116 seconds
Platform modules already initialized, skipping
========================================================================
Worker process is ready to serve import requests
Launched and connected shader compiler UnityShaderCompiler.exe after 0.12 seconds
Refreshing native plugins compatible for Editor in 0.68 ms, found 2 plugins.
Preloading 0 native plugins for Editor in 0.00 ms.
Unloading 1485 Unused Serialized files (Serialized files now loaded: 0)
System memory in use before: 67.3 MB.
System memory in use after: 67.3 MB.

Unloading 31 unused Assets to reduce memory usage. Loaded Objects now: 1906.
Total: 4.073600 ms (FindLiveObjects: 0.266400 ms CreateObjectMapping: 0.077700 ms MarkObjects: 3.629900 ms  DeleteObjects: 0.097700 ms)

========================================================================
Received Import Request.
  path: Assets
  artifactKey: Guid(00000000000000001000000000000000) Importer(815301076,1909f56bfc062723c751e8b465ee728b)
Start importing Assets using Guid(00000000000000001000000000000000) Importer(815301076,1909f56bfc062723c751e8b465ee728b)  -> (artifact id: '42d402b061de3733987d63b9cc3b64de') in 0.017880 seconds
  Import took 0.022486 seconds .

========================================================================
Received Import Request.
  Time since last request: 0.000685 seconds.
  path: Assets/Editor/com.unity.mobile.notifications
  artifactKey: Guid(6d8e2e3178665be488e481c57be9527e) Importer(815301076,1909f56bfc062723c751e8b465ee728b)
Start importing Assets/Editor/com.unity.mobile.notifications using Guid(6d8e2e3178665be488e481c57be9527e) Importer(815301076,1909f56bfc062723c751e8b465ee728b)  -> (artifact id: '4bed2659f7381daf13d42d1c689b8641') in 0.011206 seconds
  Import took 0.017091 seconds .

========================================================================
Received Import Request.
  Time since last request: 0.000444 seconds.
  path: Assets/Editor
  artifactKey: Guid(9a2df797eb7ea8e44843144af9429b99) Importer(815301076,1909f56bfc062723c751e8b465ee728b)
Start importing Assets/Editor using Guid(9a2df797eb7ea8e44843144af9429b99) Importer(815301076,1909f56bfc062723c751e8b465ee728b)  -> (artifact id: '0444d6da485580535437c8f7bfc283a6') in 0.014071 seconds
  Import took 0.018849 seconds .

========================================================================
Received Prepare
Registering precompiled user dll's ...
Registered in 0.004399 seconds.
Begin MonoManager ReloadAssembly
Native extension for WindowsStandalone target not found
Refreshing native plugins compatible for Editor in 0.80 ms, found 2 plugins.
Preloading 0 native plugins for Editor in 0.00 ms.
Mono: successfully reloaded assembly
- Completed reload, in  2.051 seconds
Platform modules already initialized, skipping
Switching build target platform(19) subTarget(0) extendedPlatform(0) -> platform(13) subTarget(537395200) extendedPlatform(0)
Refreshing native plugins compatible for Editor in 1.23 ms, found 2 plugins.
Preloading 0 native plugins for Editor in 0.00 ms.
Unloading 1483 Unused Serialized files (Serialized files now loaded: 0)
System memory in use before: 67.1 MB.
System memory in use after: 67.2 MB.

Unloading 26 unused Assets to reduce memory usage. Loaded Objects now: 1909.
Total: 4.026300 ms (FindLiveObjects: 0.264900 ms CreateObjectMapping: 0.052700 ms MarkObjects: 3.653600 ms  DeleteObjects: 0.053100 ms)

AssetImportParameters requested are different than current active one (requested -> active):
  custom:graphics/normal-map-encoding: 01000000000000000000000000000000 -> 02000000000000000000000000000000
========================================================================
Received Prepare
Refreshing native plugins compatible for Editor in 10.33 ms, found 2 plugins.
Preloading 0 native plugins for Editor in 0.00 ms.
Unloading 24 Unused Serialized files (Serialized files now loaded: 0)
System memory in use before: 38.3 MB.
System memory in use after: 38.4 MB.

Unloading 24 unused Assets to reduce memory usage. Loaded Objects now: 1909.
Total: 5.281300 ms (FindLiveObjects: 0.343100 ms CreateObjectMapping: 0.096500 ms MarkObjects: 4.783900 ms  DeleteObjects: 0.054500 ms)

========================================================================
Received Import Request.
  Time since last request: 103.205433 seconds.
  path: Assets/Scripts
  artifactKey: Guid(1e83162eac380c649880acb8fc121658) Importer(815301076,1909f56bfc062723c751e8b465ee728b)
Start importing Assets/Scripts using Guid(1e83162eac380c649880acb8fc121658) Importer(815301076,1909f56bfc062723c751e8b465ee728b)  -> (artifact id: '96bc006e185cc7ab30993294585f7c5d') in 0.014852 seconds
  Import took 0.020160 seconds .

========================================================================
Received Import Request.
  Time since last request: 8.025193 seconds.
  path: Assets/Material
  artifactKey: Guid(255d2ceb453f8f64c814f61c6cdd7936) Importer(815301076,1909f56bfc062723c751e8b465ee728b)
Start importing Assets/Material using Guid(255d2ceb453f8f64c814f61c6cdd7936) Importer(815301076,1909f56bfc062723c751e8b465ee728b)  -> (artifact id: '9092470b4fd7396226a89d8d016104d3') in 0.017013 seconds
  Import took 0.023395 seconds .

========================================================================
Received Import Request.
  Time since last request: 9.808714 seconds.
  path: Assets/Scripts/Blok.cs
  artifactKey: Guid(99afe9b626a2d2c47aa81d4bff6d63df) Importer(815301076,1909f56bfc062723c751e8b465ee728b)
Start importing Assets/Scripts/Blok.cs using Guid(99afe9b626a2d2c47aa81d4bff6d63df) Importer(815301076,1909f56bfc062723c751e8b465ee728b)  -> (artifact id: 'b9e1857abadeb6ac4d8292462b0dfb77') in 0.054224 seconds
  Import took 0.059480 seconds .

========================================================================
Received Prepare
Registering precompiled user dll's ...
Registered in 0.004458 seconds.
Begin MonoManager ReloadAssembly
Native extension for WindowsStandalone target not found
Refreshing native plugins compatible for Editor in 0.80 ms, found 2 plugins.
Preloading 0 native plugins for Editor in 0.00 ms.
Mono: successfully reloaded assembly
- Completed reload, in  2.017 seconds
Platform modules already initialized, skipping
Switching build target platform(19) subTarget(0) extendedPlatform(0) -> platform(13) subTarget(537395200) extendedPlatform(0)
Refreshing native plugins compatible for Editor in 0.79 ms, found 2 plugins.
Preloading 0 native plugins for Editor in 0.00 ms.
Unloading 1484 Unused Serialized files (Serialized files now loaded: 0)
System memory in use before: 67.1 MB.
System memory in use after: 67.3 MB.

Unloading 26 unused Assets to reduce memory usage. Loaded Objects now: 1913.
Total: 3.301600 ms (FindLiveObjects: 0.258700 ms CreateObjectMapping: 0.054300 ms MarkObjects: 2.944800 ms  DeleteObjects: 0.041700 ms)

AssetImportParameters requested are different than current active one (requested -> active):
  custom:graphics/normal-map-encoding: 01000000000000000000000000000000 -> 02000000000000000000000000000000
========================================================================
Received Prepare
Registering precompiled user dll's ...
Registered in 0.004759 seconds.
Begin MonoManager ReloadAssembly
Native extension for WindowsStandalone target not found
Refreshing native plugins compatible for Editor in 0.84 ms, found 2 plugins.
Preloading 0 native plugins for Editor in 0.00 ms.
Mono: successfully reloaded assembly
- Completed reload, in  2.070 seconds
Platform modules already initialized, skipping
Switching build target platform(19) subTarget(0) extendedPlatform(0) -> platform(13) subTarget(537395200) extendedPlatform(0)
Refreshing native plugins compatible for Editor in 0.82 ms, found 2 plugins.
Preloading 0 native plugins for Editor in 0.00 ms.
Unloading 1483 Unused Serialized files (Serialized files now loaded: 0)
System memory in use before: 67.1 MB.
System memory in use after: 67.2 MB.

Unloading 27 unused Assets to reduce memory usage. Loaded Objects now: 1915.
Total: 5.451800 ms (FindLiveObjects: 0.356000 ms CreateObjectMapping: 0.098000 ms MarkObjects: 4.926300 ms  DeleteObjects: 0.068200 ms)

AssetImportParameters requested are different than current active one (requested -> active):
  custom:graphics/normal-map-encoding: 01000000000000000000000000000000 -> 02000000000000000000000000000000
========================================================================
Received Import Request.
  Time since last request: 23.954871 seconds.
  path: Assets/Scripts/Block.cs
  artifactKey: Guid(ca4682d45e2cae647867670e1ccfbaf4) Importer(815301076,1909f56bfc062723c751e8b465ee728b)
Start importing Assets/Scripts/Block.cs using Guid(ca4682d45e2cae647867670e1ccfbaf4) Importer(815301076,1909f56bfc062723c751e8b465ee728b)  -> (artifact id: 'dbe186b1e4f886c2619ecc3fa0fa406e') in 0.018386 seconds
  Import took 0.023457 seconds .

========================================================================
Received Prepare
Registering precompiled user dll's ...
Registered in 0.004614 seconds.
Begin MonoManager ReloadAssembly
Native extension for WindowsStandalone target not found
Refreshing native plugins compatible for Editor in 0.79 ms, found 2 plugins.
Preloading 0 native plugins for Editor in 0.00 ms.
Mono: successfully reloaded assembly
- Completed reload, in  2.024 seconds
Platform modules already initialized, skipping
Switching build target platform(19) subTarget(0) extendedPlatform(0) -> platform(13) subTarget(537395200) extendedPlatform(0)
Refreshing native plugins compatible for Editor in 0.77 ms, found 2 plugins.
Preloading 0 native plugins for Editor in 0.00 ms.
Unloading 1484 Unused Serialized files (Serialized files now loaded: 0)
System memory in use before: 67.2 MB.
System memory in use after: 67.3 MB.

Unloading 26 unused Assets to reduce memory usage. Loaded Objects now: 1919.
Total: 4.016900 ms (FindLiveObjects: 0.453600 ms CreateObjectMapping: 0.098900 ms MarkObjects: 3.419300 ms  DeleteObjects: 0.042000 ms)

AssetImportParameters requested are different than current active one (requested -> active):
  custom:graphics/normal-map-encoding: 01000000000000000000000000000000 -> 02000000000000000000000000000000
========================================================================
Received Import Request.
  Time since last request: 10.895111 seconds.
  path: Assets/Scripts/New Folder
  artifactKey: Guid(c03ae17a762ed184eae132801d5c998b) Importer(815301076,1909f56bfc062723c751e8b465ee728b)
Start importing Assets/Scripts/New Folder using Guid(c03ae17a762ed184eae132801d5c998b) Importer(815301076,1909f56bfc062723c751e8b465ee728b)  -> (artifact id: 'f23ff54feb5000c0a5675aa095a17134') in 0.018153 seconds
  Import took 0.022208 seconds .

========================================================================
Received Import Request.
  Time since last request: 9.659465 seconds.
  path: Assets/Scripts/Spawner.cs
  artifactKey: Guid(4c1e931a8d8bfbc449daa7075a0ac546) Importer(815301076,1909f56bfc062723c751e8b465ee728b)
Start importing Assets/Scripts/Spawner.cs using Guid(4c1e931a8d8bfbc449daa7075a0ac546) Importer(815301076,1909f56bfc062723c751e8b465ee728b)  -> (artifact id: '72d9e459648a817ea69bebdd5adb8f92') in 0.012350 seconds
  Import took 0.016971 seconds .

========================================================================
Received Prepare
Registering precompiled user dll's ...
Registered in 0.004361 seconds.
Begin MonoManager ReloadAssembly
Native extension for WindowsStandalone target not found
Refreshing native plugins compatible for Editor in 0.97 ms, found 2 plugins.
Preloading 0 native plugins for Editor in 0.00 ms.
Mono: successfully reloaded assembly
- Completed reload, in  1.975 seconds
Platform modules already initialized, skipping
Switching build target platform(19) subTarget(0) extendedPlatform(0) -> platform(13) subTarget(537395200) extendedPlatform(0)
Refreshing native plugins compatible for Editor in 0.77 ms, found 2 plugins.
Preloading 0 native plugins for Editor in 0.00 ms.
Unloading 1485 Unused Serialized files (Serialized files now loaded: 0)
System memory in use before: 67.2 MB.
System memory in use after: 67.3 MB.

Unloading 26 unused Assets to reduce memory usage. Loaded Objects now: 1923.
Total: 3.292400 ms (FindLiveObjects: 0.261500 ms CreateObjectMapping: 0.053500 ms MarkObjects: 2.936200 ms  DeleteObjects: 0.039100 ms)

AssetImportParameters requested are different than current active one (requested -> active):
  custom:graphics/normal-map-encoding: 01000000000000000000000000000000 -> 02000000000000000000000000000000
========================================================================
Received Import Request.
  Time since last request: 88.159820 seconds.
  path: Assets/Prefabs
  artifactKey: Guid(3df335ca38232094d8077cf60f467f38) Importer(815301076,1909f56bfc062723c751e8b465ee728b)
Start importing Assets/Prefabs using Guid(3df335ca38232094d8077cf60f467f38) Importer(815301076,1909f56bfc062723c751e8b465ee728b)  -> (artifact id: '9368b8aa44ce2e68daad64e89634a694') in 0.032008 seconds
  Import took 0.038014 seconds .

========================================================================
Received Import Request.
  Time since last request: 2.669063 seconds.
  path: Assets/Prefabs/Block.prefab
  artifactKey: Guid(e0cee6147b0e4c847a31a7e2763a2b5e) Importer(815301076,1909f56bfc062723c751e8b465ee728b)
Start importing Assets/Prefabs/Block.prefab using Guid(e0cee6147b0e4c847a31a7e2763a2b5e) Importer(815301076,1909f56bfc062723c751e8b465ee728b)  -> (artifact id: 'fd5c04b952dbe7002a7a5b8a13448a20') in 0.527459 seconds
  Import took 0.533646 seconds .

========================================================================
Received Import Request.
  Time since last request: 11.007022 seconds.
  path: Assets/Prefabs/Block.prefab
  artifactKey: Guid(e0cee6147b0e4c847a31a7e2763a2b5e) Importer(815301076,1909f56bfc062723c751e8b465ee728b)
Start importing Assets/Prefabs/Block.prefab using Guid(e0cee6147b0e4c847a31a7e2763a2b5e) Importer(815301076,1909f56bfc062723c751e8b465ee728b)  -> (artifact id: 'cad9e99b41fe798ac72bca54d88412df') in 0.019954 seconds
  Import took 0.025360 seconds .

========================================================================
Received Import Request.
  Time since last request: 89.307156 seconds.
  path: Assets/Prefabs/GreyBlock.prefab
  artifactKey: Guid(3421d37348e603545a9e9a546a004ff0) Importer(815301076,1909f56bfc062723c751e8b465ee728b)
Start importing Assets/Prefabs/GreyBlock.prefab using Guid(3421d37348e603545a9e9a546a004ff0) Importer(815301076,1909f56bfc062723c751e8b465ee728b)  -> (artifact id: '02ca889e51580c29c9fe905dec35c9ab') in 0.028769 seconds
  Import took 0.034641 seconds .

========================================================================
Received Import Request.
  Time since last request: 0.028362 seconds.
  path: Assets/Prefabs/GreyBlock.prefab
  artifactKey: Guid(3421d37348e603545a9e9a546a004ff0) Importer(815301076,1909f56bfc062723c751e8b465ee728b)
Start importing Assets/Prefabs/GreyBlock.prefab using Guid(3421d37348e603545a9e9a546a004ff0) Importer(815301076,1909f56bfc062723c751e8b465ee728b)  -> (artifact id: '02ca889e51580c29c9fe905dec35c9ab') in 0.018517 seconds
  Import took 0.025277 seconds .

========================================================================
Received Import Request.
  Time since last request: 225.781908 seconds.
  path: Assets/Material/Block.mat
  artifactKey: Guid(62b4ba9eb2a6fd54f857ea966c1951bf) Importer(815301076,1909f56bfc062723c751e8b465ee728b)
Start importing Assets/Material/Block.mat using Guid(62b4ba9eb2a6fd54f857ea966c1951bf) Importer(815301076,1909f56bfc062723c751e8b465ee728b)  -> (artifact id: '062a7b47ec7ffee69aa4c86b6714692a') in 0.102382 seconds
  Import took 0.108593 seconds .

========================================================================
Received Import Request.
  Time since last request: 19.472048 seconds.
  path: Assets/Material/GreyBlock.mat
  artifactKey: Guid(8850c1f0ab5474f40b5b82cc1875889e) Importer(815301076,1909f56bfc062723c751e8b465ee728b)
Start importing Assets/Material/GreyBlock.mat using Guid(8850c1f0ab5474f40b5b82cc1875889e) Importer(815301076,1909f56bfc062723c751e8b465ee728b)  -> (artifact id: '19104567733ba25e53d771d377b6c0a1') in 0.015328 seconds
  Import took 0.020083 seconds .

========================================================================
Received Import Request.
  Time since last request: 66.130550 seconds.
  path: Assets/Prefabs/Block.prefab
  artifactKey: Guid(e0cee6147b0e4c847a31a7e2763a2b5e) Importer(815301076,1909f56bfc062723c751e8b465ee728b)
Start importing Assets/Prefabs/Block.prefab using Guid(e0cee6147b0e4c847a31a7e2763a2b5e) Importer(815301076,1909f56bfc062723c751e8b465ee728b)  -> (artifact id: 'fa0de5fca417a37a1df84585e3e867d8') in 0.019921 seconds
  Import took 0.025000 seconds .

========================================================================
Received Import Request.
  Time since last request: 15.306323 seconds.
  path: Assets/Prefabs/GreyBlock.prefab
  artifactKey: Guid(3421d37348e603545a9e9a546a004ff0) Importer(815301076,1909f56bfc062723c751e8b465ee728b)
Start importing Assets/Prefabs/GreyBlock.prefab using Guid(3421d37348e603545a9e9a546a004ff0) Importer(815301076,1909f56bfc062723c751e8b465ee728b)  -> (artifact id: '6ac69ccd644388de05a4c43b7dd1c52b') in 0.018070 seconds
  Import took 0.023959 seconds .

========================================================================
Received Import Request.
  Time since last request: 5363.024895 seconds.
  path: Assets/Prefabs/Segment.prefab
  artifactKey: Guid(e0cee6147b0e4c847a31a7e2763a2b5e) Importer(815301076,1909f56bfc062723c751e8b465ee728b)
Start importing Assets/Prefabs/Segment.prefab using Guid(e0cee6147b0e4c847a31a7e2763a2b5e) Importer(815301076,1909f56bfc062723c751e8b465ee728b)  -> (artifact id: 'd5d073c95eae35d1098f889e2e2f234c') in 0.030194 seconds
  Import took 0.037013 seconds .

========================================================================
Received Import Request.
  Time since last request: 38.474841 seconds.
  path: Assets/Material/Block.mat
  artifactKey: Guid(62b4ba9eb2a6fd54f857ea966c1951bf) Importer(815301076,1909f56bfc062723c751e8b465ee728b)
Start importing Assets/Material/Block.mat using Guid(62b4ba9eb2a6fd54f857ea966c1951bf) Importer(815301076,1909f56bfc062723c751e8b465ee728b)  -> (artifact id: '1b670560e83fd2c592009c29b33318c8') in 0.026454 seconds
  Import took 0.032929 seconds .

========================================================================
Received Import Request.
  Time since last request: 0.000402 seconds.
  path: Assets/Material/GreyBlock.mat
  artifactKey: Guid(8850c1f0ab5474f40b5b82cc1875889e) Importer(815301076,1909f56bfc062723c751e8b465ee728b)
Start importing Assets/Material/GreyBlock.mat using Guid(8850c1f0ab5474f40b5b82cc1875889e) Importer(815301076,1909f56bfc062723c751e8b465ee728b)  -> (artifact id: 'f6191be629074bd014b153e6c0e470f4') in 0.027968 seconds
  Import took 0.033414 seconds .

========================================================================
Received Import Request.
  Time since last request: 8.177216 seconds.
  path: Assets/Material/Finish.mat
  artifactKey: Guid(574092894489b9e499534cbeabbfd185) Importer(815301076,1909f56bfc062723c751e8b465ee728b)
Start importing Assets/Material/Finish.mat using Guid(574092894489b9e499534cbeabbfd185) Importer(815301076,1909f56bfc062723c751e8b465ee728b)  -> (artifact id: '80640e0f0773876a88e7bb68c7066246') in 0.021733 seconds
  Import took 0.026974 seconds .

========================================================================
Received Import Request.
  Time since last request: 54.196379 seconds.
  path: Assets/Prefabs/Finish.prefab
  artifactKey: Guid(91281e7c15ec56247a76fb63c6c6bf50) Importer(815301076,1909f56bfc062723c751e8b465ee728b)
Start importing Assets/Prefabs/Finish.prefab using Guid(91281e7c15ec56247a76fb63c6c6bf50) Importer(815301076,1909f56bfc062723c751e8b465ee728b)  -> (artifact id: 'fa4fd10a0a974b4255917dc50bcf1e1e') in 0.023176 seconds
  Import took 0.028587 seconds .

========================================================================
Received Import Request.
  Time since last request: 0.012696 seconds.
  path: Assets/Prefabs/Finish.prefab
  artifactKey: Guid(91281e7c15ec56247a76fb63c6c6bf50) Importer(815301076,1909f56bfc062723c751e8b465ee728b)
Start importing Assets/Prefabs/Finish.prefab using Guid(91281e7c15ec56247a76fb63c6c6bf50) Importer(815301076,1909f56bfc062723c751e8b465ee728b)  -> (artifact id: 'fa4fd10a0a974b4255917dc50bcf1e1e') in 0.011325 seconds
  Import took 0.015211 seconds .

========================================================================
Received Import Request.
  Time since last request: 9.969209 seconds.
  path: Assets/Prefabs/GreyBlock.prefab
  artifactKey: Guid(3421d37348e603545a9e9a546a004ff0) Importer(815301076,1909f56bfc062723c751e8b465ee728b)
Start importing Assets/Prefabs/GreyBlock.prefab using Guid(3421d37348e603545a9e9a546a004ff0) Importer(815301076,1909f56bfc062723c751e8b465ee728b)  -> (artifact id: 'da498d287df8b000f828484ec1a43ef9') in 0.016663 seconds
  Import took 0.020029 seconds .

========================================================================
Received Import Request.
  Time since last request: 14.154017 seconds.
  path: Assets/Prefabs/Segment.prefab
  artifactKey: Guid(e0cee6147b0e4c847a31a7e2763a2b5e) Importer(815301076,1909f56bfc062723c751e8b465ee728b)
Start importing Assets/Prefabs/Segment.prefab using Guid(e0cee6147b0e4c847a31a7e2763a2b5e) Importer(815301076,1909f56bfc062723c751e8b465ee728b)  -> (artifact id: '80caea1a1c9c710355793ab98ae10003') in 0.019853 seconds
  Import took 0.025740 seconds .

========================================================================
Received Import Request.
  Time since last request: 0.004887 seconds.
  path: Assets/Prefabs/Segment.prefab
  artifactKey: Guid(e0cee6147b0e4c847a31a7e2763a2b5e) Importer(815301076,1909f56bfc062723c751e8b465ee728b)
Start importing Assets/Prefabs/Segment.prefab using Guid(e0cee6147b0e4c847a31a7e2763a2b5e) Importer(815301076,1909f56bfc062723c751e8b465ee728b)  -> (artifact id: '80caea1a1c9c710355793ab98ae10003') in 0.017417 seconds
  Import took 0.023399 seconds .

========================================================================
Received Import Request.
  Time since last request: 2.808350 seconds.
  path: Assets/Prefabs/GreyBlock.prefab
  artifactKey: Guid(3421d37348e603545a9e9a546a004ff0) Importer(815301076,1909f56bfc062723c751e8b465ee728b)
Start importing Assets/Prefabs/GreyBlock.prefab using Guid(3421d37348e603545a9e9a546a004ff0) Importer(815301076,1909f56bfc062723c751e8b465ee728b)  -> (artifact id: '2344dd54310f99a498bd46b94974a300') in 0.015884 seconds
  Import took 0.020989 seconds .

========================================================================
Received Import Request.
  Time since last request: 0.004901 seconds.
  path: Assets/Prefabs/GreyBlock.prefab
  artifactKey: Guid(3421d37348e603545a9e9a546a004ff0) Importer(815301076,1909f56bfc062723c751e8b465ee728b)
Start importing Assets/Prefabs/GreyBlock.prefab using Guid(3421d37348e603545a9e9a546a004ff0) Importer(815301076,1909f56bfc062723c751e8b465ee728b)  -> (artifact id: '2344dd54310f99a498bd46b94974a300') in 0.013975 seconds
  Import took 0.019745 seconds .

========================================================================
Received Import Request.
  Time since last request: 2.967393 seconds.
  path: Assets/Prefabs/Finish.prefab
  artifactKey: Guid(91281e7c15ec56247a76fb63c6c6bf50) Importer(815301076,1909f56bfc062723c751e8b465ee728b)
Start importing Assets/Prefabs/Finish.prefab using Guid(91281e7c15ec56247a76fb63c6c6bf50) Importer(815301076,1909f56bfc062723c751e8b465ee728b)  -> (artifact id: 'ecac188a154ff2c31ee1d262632fc188') in 0.017510 seconds
  Import took 0.021457 seconds .

========================================================================
Received Import Request.
  Time since last request: 0.010854 seconds.
  path: Assets/Prefabs/Finish.prefab
  artifactKey: Guid(91281e7c15ec56247a76fb63c6c6bf50) Importer(815301076,1909f56bfc062723c751e8b465ee728b)
Start importing Assets/Prefabs/Finish.prefab using Guid(91281e7c15ec56247a76fb63c6c6bf50) Importer(815301076,1909f56bfc062723c751e8b465ee728b)  -> (artifact id: 'ecac188a154ff2c31ee1d262632fc188') in 0.012631 seconds
  Import took 0.016962 seconds .

========================================================================
Received Prepare
Registering precompiled user dll's ...
Registered in 0.013068 seconds.
Begin MonoManager ReloadAssembly
Native extension for WindowsStandalone target not found
Refreshing native plugins compatible for Editor in 0.77 ms, found 2 plugins.
Preloading 0 native plugins for Editor in 0.00 ms.
Mono: successfully reloaded assembly
- Completed reload, in  1.662 seconds
Platform modules already initialized, skipping
Switching build target platform(19) subTarget(0) extendedPlatform(0) -> platform(13) subTarget(537395200) extendedPlatform(0)
Refreshing native plugins compatible for Editor in 0.66 ms, found 2 plugins.
Preloading 0 native plugins for Editor in 0.00 ms.
Unloading 1485 Unused Serialized files (Serialized files now loaded: 0)
System memory in use before: 70.6 MB.
System memory in use after: 70.7 MB.

Unloading 27 unused Assets to reduce memory usage. Loaded Objects now: 1967.
Total: 2.895300 ms (FindLiveObjects: 0.258900 ms CreateObjectMapping: 0.049600 ms MarkObjects: 2.545300 ms  DeleteObjects: 0.040000 ms)

AssetImportParameters requested are different than current active one (requested -> active):
  custom:graphics/normal-map-encoding: 01000000000000000000000000000000 -> 02000000000000000000000000000000
========================================================================
Received Import Request.
  Time since last request: 57.544801 seconds.
  path: Assets/Scripts/Block.cs
  artifactKey: Guid(ca4682d45e2cae647867670e1ccfbaf4) Importer(815301076,1909f56bfc062723c751e8b465ee728b)
Start importing Assets/Scripts/Block.cs using Guid(ca4682d45e2cae647867670e1ccfbaf4) Importer(815301076,1909f56bfc062723c751e8b465ee728b)  -> (artifact id: '1ee72b801525b6748315a96607fcf01f') in 0.007426 seconds
  Import took 0.011100 seconds .

========================================================================
Received Prepare
Registering precompiled user dll's ...
Registered in 0.005906 seconds.
Begin MonoManager ReloadAssembly
Native extension for WindowsStandalone target not found
Refreshing native plugins compatible for Editor in 0.55 ms, found 2 plugins.
Preloading 0 native plugins for Editor in 0.00 ms.
Mono: successfully reloaded assembly
- Completed reload, in  1.228 seconds
Platform modules already initialized, skipping
Switching build target platform(19) subTarget(0) extendedPlatform(0) -> platform(13) subTarget(537395200) extendedPlatform(0)
Refreshing native plugins compatible for Editor in 0.62 ms, found 2 plugins.
Preloading 0 native plugins for Editor in 0.00 ms.
Unloading 1485 Unused Serialized files (Serialized files now loaded: 0)
System memory in use before: 70.6 MB.
System memory in use after: 70.7 MB.

Unloading 26 unused Assets to reduce memory usage. Loaded Objects now: 1970.
Total: 2.505700 ms (FindLiveObjects: 0.238000 ms CreateObjectMapping: 0.039200 ms MarkObjects: 2.192800 ms  DeleteObjects: 0.033700 ms)

AssetImportParameters requested are different than current active one (requested -> active):
  custom:graphics/normal-map-encoding: 01000000000000000000000000000000 -> 02000000000000000000000000000000
========================================================================
Received Import Request.
  Time since last request: 1357.782053 seconds.
  path: Assets/Scripts/Spawner.cs
  artifactKey: Guid(4c1e931a8d8bfbc449daa7075a0ac546) Importer(815301076,1909f56bfc062723c751e8b465ee728b)
Start importing Assets/Scripts/Spawner.cs using Guid(4c1e931a8d8bfbc449daa7075a0ac546) Importer(815301076,1909f56bfc062723c751e8b465ee728b)  -> (artifact id: 'f08ddebc5a603271c8dbb63e343f6fb0') in 0.014454 seconds
  Import took 0.018299 seconds .

========================================================================
Received Prepare
Registering precompiled user dll's ...
Registered in 0.003390 seconds.
Begin MonoManager ReloadAssembly
Native extension for WindowsStandalone target not found
Refreshing native plugins compatible for Editor in 0.58 ms, found 2 plugins.
Preloading 0 native plugins for Editor in 0.00 ms.
Mono: successfully reloaded assembly
- Completed reload, in  1.281 seconds
Platform modules already initialized, skipping
Switching build target platform(19) subTarget(0) extendedPlatform(0) -> platform(13) subTarget(537395200) extendedPlatform(0)
Refreshing native plugins compatible for Editor in 0.60 ms, found 2 plugins.
Preloading 0 native plugins for Editor in 0.00 ms.
Unloading 1485 Unused Serialized files (Serialized files now loaded: 0)
System memory in use before: 70.6 MB.
System memory in use after: 70.7 MB.

Unloading 26 unused Assets to reduce memory usage. Loaded Objects now: 1973.
Total: 2.506000 ms (FindLiveObjects: 0.198500 ms CreateObjectMapping: 0.038400 ms MarkObjects: 2.238800 ms  DeleteObjects: 0.028500 ms)

AssetImportParameters requested are different than current active one (requested -> active):
  custom:graphics/normal-map-encoding: 01000000000000000000000000000000 -> 02000000000000000000000000000000
========================================================================
Received Import Request.
  Time since last request: 1074.346302 seconds.
  path: Assets/Scripts/Ball.cs
  artifactKey: Guid(f36eae6786c43364094c76d4a0274a69) Importer(815301076,1909f56bfc062723c751e8b465ee728b)
Start importing Assets/Scripts/Ball.cs using Guid(f36eae6786c43364094c76d4a0274a69) Importer(815301076,1909f56bfc062723c751e8b465ee728b)  -> (artifact id: '598ad6bf99303835587ddf1f188570da') in 0.016407 seconds
  Import took 0.020429 seconds .

========================================================================
Received Prepare
Registering precompiled user dll's ...
Registered in 0.004016 seconds.
Begin MonoManager ReloadAssembly
Native extension for WindowsStandalone target not found
Refreshing native plugins compatible for Editor in 0.83 ms, found 2 plugins.
Preloading 0 native plugins for Editor in 0.00 ms.
Mono: successfully reloaded assembly
- Completed reload, in  1.346 seconds
Platform modules already initialized, skipping
Switching build target platform(19) subTarget(0) extendedPlatform(0) -> platform(13) subTarget(537395200) extendedPlatform(0)
Refreshing native plugins compatible for Editor in 0.54 ms, found 2 plugins.
Preloading 0 native plugins for Editor in 0.00 ms.
Unloading 1486 Unused Serialized files (Serialized files now loaded: 0)
System memory in use before: 70.6 MB.
System memory in use after: 70.7 MB.

Unloading 26 unused Assets to reduce memory usage. Loaded Objects now: 1977.
Total: 3.001500 ms (FindLiveObjects: 0.282600 ms CreateObjectMapping: 0.042700 ms MarkObjects: 2.636800 ms  DeleteObjects: 0.037000 ms)

AssetImportParameters requested are different than current active one (requested -> active):
  custom:graphics/normal-map-encoding: 01000000000000000000000000000000 -> 02000000000000000000000000000000
========================================================================
Received Import Request.
  Time since last request: 52.767118 seconds.
  path: Assets/Material/Player.mat
  artifactKey: Guid(a10370a224bb2534eb65f6f23712e60a) Importer(815301076,1909f56bfc062723c751e8b465ee728b)
Start importing Assets/Material/Player.mat using Guid(a10370a224bb2534eb65f6f23712e60a) Importer(815301076,1909f56bfc062723c751e8b465ee728b)  -> (artifact id: 'bdf60293c734202cfd0e06c2b5849ff7') in 0.109439 seconds
  Import took 0.114358 seconds .

========================================================================
Received Prepare
Registering precompiled user dll's ...
Registered in 0.008410 seconds.
Begin MonoManager ReloadAssembly
Native extension for WindowsStandalone target not found
Refreshing native plugins compatible for Editor in 0.83 ms, found 2 plugins.
Preloading 0 native plugins for Editor in 0.00 ms.
Mono: successfully reloaded assembly
- Completed reload, in  1.350 seconds
Platform modules already initialized, skipping
Switching build target platform(19) subTarget(0) extendedPlatform(0) -> platform(13) subTarget(537395200) extendedPlatform(0)
Refreshing native plugins compatible for Editor in 0.55 ms, found 2 plugins.
Preloading 0 native plugins for Editor in 0.00 ms.
Unloading 1486 Unused Serialized files (Serialized files now loaded: 0)
System memory in use before: 70.6 MB.
System memory in use after: 70.7 MB.

Unloading 26 unused Assets to reduce memory usage. Loaded Objects now: 1981.
Total: 2.574300 ms (FindLiveObjects: 0.215300 ms CreateObjectMapping: 0.039400 ms MarkObjects: 2.289000 ms  DeleteObjects: 0.028900 ms)

AssetImportParameters requested are different than current active one (requested -> active):
  custom:graphics/normal-map-encoding: 01000000000000000000000000000000 -> 02000000000000000000000000000000
========================================================================
Received Prepare
Registering precompiled user dll's ...
Registered in 0.006796 seconds.
Begin MonoManager ReloadAssembly
Native extension for WindowsStandalone target not found
Refreshing native plugins compatible for Editor in 0.55 ms, found 2 plugins.
Preloading 0 native plugins for Editor in 0.00 ms.
Mono: successfully reloaded assembly
- Completed reload, in  1.462 seconds
Platform modules already initialized, skipping
Switching build target platform(19) subTarget(0) extendedPlatform(0) -> platform(13) subTarget(537395200) extendedPlatform(0)
Refreshing native plugins compatible for Editor in 0.56 ms, found 2 plugins.
Preloading 0 native plugins for Editor in 0.00 ms.
Unloading 1486 Unused Serialized files (Serialized files now loaded: 0)
System memory in use before: 70.6 MB.
System memory in use after: 70.7 MB.

Unloading 26 unused Assets to reduce memory usage. Loaded Objects now: 1984.
Total: 3.058200 ms (FindLiveObjects: 0.480100 ms CreateObjectMapping: 0.127000 ms MarkObjects: 2.418700 ms  DeleteObjects: 0.029800 ms)

AssetImportParameters requested are different than current active one (requested -> active):
  custom:graphics/normal-map-encoding: 01000000000000000000000000000000 -> 02000000000000000000000000000000
========================================================================
Received Import Request.
  Time since last request: 2427.636015 seconds.
  path: Assets/Scripts/NewBehaviourScript.cs
  artifactKey: Guid(bb001407198e9ee4d83d0dfab4174074) Importer(815301076,1909f56bfc062723c751e8b465ee728b)
Start importing Assets/Scripts/NewBehaviourScript.cs using Guid(bb001407198e9ee4d83d0dfab4174074) Importer(815301076,1909f56bfc062723c751e8b465ee728b)  -> (artifact id: '5167b1fc10c9d053a5472c6ecfaa0c96') in 0.012183 seconds
  Import took 0.015349 seconds .

========================================================================
Received Prepare
Registering precompiled user dll's ...
Registered in 0.006541 seconds.
Begin MonoManager ReloadAssembly
Native extension for WindowsStandalone target not found
Refreshing native plugins compatible for Editor in 0.56 ms, found 2 plugins.
Preloading 0 native plugins for Editor in 0.00 ms.
Mono: successfully reloaded assembly
- Completed reload, in  1.252 seconds
Platform modules already initialized, skipping
Switching build target platform(19) subTarget(0) extendedPlatform(0) -> platform(13) subTarget(537395200) extendedPlatform(0)
Refreshing native plugins compatible for Editor in 0.64 ms, found 2 plugins.
Preloading 0 native plugins for Editor in 0.00 ms.
Unloading 1487 Unused Serialized files (Serialized files now loaded: 0)
System memory in use before: 70.7 MB.
System memory in use after: 70.8 MB.

Unloading 26 unused Assets to reduce memory usage. Loaded Objects now: 1988.
Total: 2.435600 ms (FindLiveObjects: 0.244300 ms CreateObjectMapping: 0.042900 ms MarkObjects: 2.119100 ms  DeleteObjects: 0.027400 ms)

AssetImportParameters requested are different than current active one (requested -> active):
  custom:graphics/normal-map-encoding: 01000000000000000000000000000000 -> 02000000000000000000000000000000
========================================================================
Received Prepare
Registering precompiled user dll's ...
Registered in 0.003528 seconds.
Begin MonoManager ReloadAssembly
Native extension for WindowsStandalone target not found
Refreshing native plugins compatible for Editor in 0.56 ms, found 2 plugins.
Preloading 0 native plugins for Editor in 0.00 ms.
Mono: successfully reloaded assembly
- Completed reload, in  1.210 seconds
Platform modules already initialized, skipping
Switching build target platform(19) subTarget(0) extendedPlatform(0) -> platform(13) subTarget(537395200) extendedPlatform(0)
Refreshing native plugins compatible for Editor in 0.55 ms, found 2 plugins.
Preloading 0 native plugins for Editor in 0.00 ms.
Unloading 1486 Unused Serialized files (Serialized files now loaded: 0)
System memory in use before: 70.6 MB.
System memory in use after: 70.8 MB.

Unloading 27 unused Assets to reduce memory usage. Loaded Objects now: 1990.
Total: 2.579400 ms (FindLiveObjects: 0.297500 ms CreateObjectMapping: 0.082000 ms MarkObjects: 2.169100 ms  DeleteObjects: 0.029200 ms)

AssetImportParameters requested are different than current active one (requested -> active):
  custom:graphics/normal-map-encoding: 01000000000000000000000000000000 -> 02000000000000000000000000000000
========================================================================
Received Import Request.
  Time since last request: 13.253531 seconds.
  path: Assets/Scripts/Block1.cs
  artifactKey: Guid(0b59e0ee467959e42a554a639f5d3bf8) Importer(815301076,1909f56bfc062723c751e8b465ee728b)
Start importing Assets/Scripts/Block1.cs using Guid(0b59e0ee467959e42a554a639f5d3bf8) Importer(815301076,1909f56bfc062723c751e8b465ee728b)  -> (artifact id: '41975c6ffb2b1152aa17aa97b45a963a') in 0.016381 seconds
  Import took 0.020102 seconds .

========================================================================
Received Import Request.
  Time since last request: 3.702106 seconds.
  path: Assets/Scripts/Block2.cs
  artifactKey: Guid(d0e90bacad4246e43bba6a4e428f6324) Importer(815301076,1909f56bfc062723c751e8b465ee728b)
Start importing Assets/Scripts/Block2.cs using Guid(d0e90bacad4246e43bba6a4e428f6324) Importer(815301076,1909f56bfc062723c751e8b465ee728b)  -> (artifact id: '910e0a78843ff5c21a8b048b3d61ac7f') in 0.008763 seconds
  Import took 0.012763 seconds .

========================================================================
Received Import Request.
  Time since last request: 11.787437 seconds.
  path: Assets/Scripts/Finish.cs
  artifactKey: Guid(d0e90bacad4246e43bba6a4e428f6324) Importer(815301076,1909f56bfc062723c751e8b465ee728b)
Start importing Assets/Scripts/Finish.cs using Guid(d0e90bacad4246e43bba6a4e428f6324) Importer(815301076,1909f56bfc062723c751e8b465ee728b)  -> (artifact id: 'f125b1a62d715caea3aee86b3b18f628') in 0.003329 seconds
  Import took 0.009319 seconds .

========================================================================
Received Import Request.
  Time since last request: 28.116117 seconds.
  path: Assets/Scripts/Segment.cs
  artifactKey: Guid(0b59e0ee467959e42a554a639f5d3bf8) Importer(815301076,1909f56bfc062723c751e8b465ee728b)
Start importing Assets/Scripts/Segment.cs using Guid(0b59e0ee467959e42a554a639f5d3bf8) Importer(815301076,1909f56bfc062723c751e8b465ee728b)  -> (artifact id: '4f345420a4df5d9370e3380b86dc8a0b') in 0.042249 seconds
  Import took 0.052120 seconds .

========================================================================
Received Prepare
Registering precompiled user dll's ...
Registered in 0.004820 seconds.
Begin MonoManager ReloadAssembly
Native extension for WindowsStandalone target not found
Refreshing native plugins compatible for Editor in 0.55 ms, found 2 plugins.
Preloading 0 native plugins for Editor in 0.00 ms.
Mono: successfully reloaded assembly
- Completed reload, in  1.313 seconds
Platform modules already initialized, skipping
Switching build target platform(19) subTarget(0) extendedPlatform(0) -> platform(13) subTarget(537395200) extendedPlatform(0)
Refreshing native plugins compatible for Editor in 0.60 ms, found 2 plugins.
Preloading 0 native plugins for Editor in 0.00 ms.
Unloading 1488 Unused Serialized files (Serialized files now loaded: 0)
System memory in use before: 70.7 MB.
System memory in use after: 70.8 MB.

Unloading 26 unused Assets to reduce memory usage. Loaded Objects now: 1995.
Total: 2.772200 ms (FindLiveObjects: 0.237300 ms CreateObjectMapping: 0.048900 ms MarkObjects: 2.453500 ms  DeleteObjects: 0.030800 ms)

AssetImportParameters requested are different than current active one (requested -> active):
  custom:graphics/normal-map-encoding: 01000000000000000000000000000000 -> 02000000000000000000000000000000
========================================================================
Received Import Request.
  Time since last request: 208.726366 seconds.
  path: Assets/Scripts/Segment.cs
  artifactKey: Guid(0b59e0ee467959e42a554a639f5d3bf8) Importer(815301076,1909f56bfc062723c751e8b465ee728b)
Start importing Assets/Scripts/Segment.cs using Guid(0b59e0ee467959e42a554a639f5d3bf8) Importer(815301076,1909f56bfc062723c751e8b465ee728b)  -> (artifact id: '9935294ee4e91e785033341e658df50d') in 0.008655 seconds
  Import took 0.014022 seconds .

========================================================================
Received Prepare
Registering precompiled user dll's ...
Registered in 0.004115 seconds.
Begin MonoManager ReloadAssembly
Native extension for WindowsStandalone target not found
Refreshing native plugins compatible for Editor in 1.34 ms, found 2 plugins.
Preloading 0 native plugins for Editor in 0.00 ms.
Mono: successfully reloaded assembly
- Completed reload, in  1.311 seconds
Platform modules already initialized, skipping
Switching build target platform(19) subTarget(0) extendedPlatform(0) -> platform(13) subTarget(537395200) extendedPlatform(0)
Refreshing native plugins compatible for Editor in 0.65 ms, found 2 plugins.
Preloading 0 native plugins for Editor in 0.00 ms.
Unloading 1488 Unused Serialized files (Serialized files now loaded: 0)
System memory in use before: 70.7 MB.
System memory in use after: 70.8 MB.

Unloading 26 unused Assets to reduce memory usage. Loaded Objects now: 1998.
Total: 2.815900 ms (FindLiveObjects: 0.217000 ms CreateObjectMapping: 0.048200 ms MarkObjects: 2.520200 ms  DeleteObjects: 0.028700 ms)

AssetImportParameters requested are different than current active one (requested -> active):
  custom:graphics/normal-map-encoding: 01000000000000000000000000000000 -> 02000000000000000000000000000000
========================================================================
Received Prepare
Registering precompiled user dll's ...
Registered in 0.003563 seconds.
Begin MonoManager ReloadAssembly
Native extension for WindowsStandalone target not found
Refreshing native plugins compatible for Editor in 0.57 ms, found 2 plugins.
Preloading 0 native plugins for Editor in 0.00 ms.
Mono: successfully reloaded assembly
- Completed reload, in  1.248 seconds
Platform modules already initialized, skipping
Switching build target platform(19) subTarget(0) extendedPlatform(0) -> platform(13) subTarget(537395200) extendedPlatform(0)
Refreshing native plugins compatible for Editor in 0.62 ms, found 2 plugins.
Preloading 0 native plugins for Editor in 0.00 ms.
Unloading 1488 Unused Serialized files (Serialized files now loaded: 0)
System memory in use before: 70.7 MB.
System memory in use after: 70.8 MB.

Unloading 26 unused Assets to reduce memory usage. Loaded Objects now: 2001.
Total: 2.851800 ms (FindLiveObjects: 0.222200 ms CreateObjectMapping: 0.047600 ms MarkObjects: 2.536700 ms  DeleteObjects: 0.043500 ms)

AssetImportParameters requested are different than current active one (requested -> active):
  custom:graphics/normal-map-encoding: 01000000000000000000000000000000 -> 02000000000000000000000000000000
========================================================================
Received Import Request.
  Time since last request: 171.292095 seconds.
  path: Assets/Prefabs/Segment.prefab
  artifactKey: Guid(e0cee6147b0e4c847a31a7e2763a2b5e) Importer(815301076,1909f56bfc062723c751e8b465ee728b)
Start importing Assets/Prefabs/Segment.prefab using Guid(e0cee6147b0e4c847a31a7e2763a2b5e) Importer(815301076,1909f56bfc062723c751e8b465ee728b)  -> (artifact id: 'a08845a164ea20d506c1f79f41504a7d') in 0.078618 seconds
  Import took 0.082588 seconds .

========================================================================
Received Import Request.
  Time since last request: 10.044408 seconds.
  path: Assets/Prefabs/Segment.prefab
  artifactKey: Guid(e0cee6147b0e4c847a31a7e2763a2b5e) Importer(815301076,1909f56bfc062723c751e8b465ee728b)
Start importing Assets/Prefabs/Segment.prefab using Guid(e0cee6147b0e4c847a31a7e2763a2b5e) Importer(815301076,1909f56bfc062723c751e8b465ee728b)  -> (artifact id: '96278ecd09e7c261559851174818ce58') in 0.012956 seconds
  Import took 0.017357 seconds .

========================================================================
Received Import Request.
  Time since last request: 0.009161 seconds.
  path: Assets/Prefabs/Segment.prefab
  artifactKey: Guid(e0cee6147b0e4c847a31a7e2763a2b5e) Importer(815301076,1909f56bfc062723c751e8b465ee728b)
Start importing Assets/Prefabs/Segment.prefab using Guid(e0cee6147b0e4c847a31a7e2763a2b5e) Importer(815301076,1909f56bfc062723c751e8b465ee728b)  -> (artifact id: '96278ecd09e7c261559851174818ce58') in 0.011115 seconds
  Import took 0.015181 seconds .

========================================================================
Received Import Request.
  Time since last request: 5.326669 seconds.
  path: Assets/Prefabs/Finish.prefab
  artifactKey: Guid(91281e7c15ec56247a76fb63c6c6bf50) Importer(815301076,1909f56bfc062723c751e8b465ee728b)
Start importing Assets/Prefabs/Finish.prefab using Guid(91281e7c15ec56247a76fb63c6c6bf50) Importer(815301076,1909f56bfc062723c751e8b465ee728b)  -> (artifact id: '1983e72766de1bf4d5e9ea96d5a14696') in 0.019316 seconds
  Import took 0.023852 seconds .

========================================================================
Received Import Request.
  Time since last request: 0.008353 seconds.
  path: Assets/Prefabs/Finish.prefab
  artifactKey: Guid(91281e7c15ec56247a76fb63c6c6bf50) Importer(815301076,1909f56bfc062723c751e8b465ee728b)
Start importing Assets/Prefabs/Finish.prefab using Guid(91281e7c15ec56247a76fb63c6c6bf50) Importer(815301076,1909f56bfc062723c751e8b465ee728b)  -> (artifact id: '1983e72766de1bf4d5e9ea96d5a14696') in 0.014576 seconds
  Import took 0.018658 seconds .

========================================================================
Received Prepare
Registering precompiled user dll's ...
Registered in 0.005215 seconds.
Begin MonoManager ReloadAssembly
Native extension for WindowsStandalone target not found
Refreshing native plugins compatible for Editor in 0.62 ms, found 2 plugins.
Preloading 0 native plugins for Editor in 0.00 ms.
Mono: successfully reloaded assembly
- Completed reload, in  1.662 seconds
Platform modules already initialized, skipping
Switching build target platform(19) subTarget(0) extendedPlatform(0) -> platform(13) subTarget(537395200) extendedPlatform(0)
Refreshing native plugins compatible for Editor in 1.39 ms, found 2 plugins.
Preloading 0 native plugins for Editor in 0.00 ms.
Unloading 1488 Unused Serialized files (Serialized files now loaded: 0)
System memory in use before: 70.7 MB.
System memory in use after: 70.8 MB.

Unloading 26 unused Assets to reduce memory usage. Loaded Objects now: 2005.
Total: 4.403900 ms (FindLiveObjects: 0.486500 ms CreateObjectMapping: 0.079700 ms MarkObjects: 3.797700 ms  DeleteObjects: 0.037400 ms)

AssetImportParameters requested are different than current active one (requested -> active):
  custom:graphics/normal-map-encoding: 01000000000000000000000000000000 -> 02000000000000000000000000000000
========================================================================
Received Import Request.
  Time since last request: 94.035149 seconds.
  path: Assets/Scenes
  artifactKey: Guid(f7b66c42ee145314083f073e99178630) Importer(815301076,1909f56bfc062723c751e8b465ee728b)
Start importing Assets/Scenes using Guid(f7b66c42ee145314083f073e99178630) Importer(815301076,1909f56bfc062723c751e8b465ee728b)  -> (artifact id: '4bf9865a42ac04deb6d7662984a29e29') in 0.018184 seconds
  Import took 0.023329 seconds .

========================================================================
Received Import Request.
  Time since last request: 0.001219 seconds.
  path: Assets/Scenes
  artifactKey: Guid(f7b66c42ee145314083f073e99178630) Importer(815301076,1909f56bfc062723c751e8b465ee728b)
Start importing Assets/Scenes using Guid(f7b66c42ee145314083f073e99178630) Importer(815301076,1909f56bfc062723c751e8b465ee728b)  -> (artifact id: '4bf9865a42ac04deb6d7662984a29e29') in 0.003758 seconds
  Import took 0.008400 seconds .

========================================================================
Received Import Request.
  Time since last request: 6587.695358 seconds.
  path: Assets/Scripts/BallTracker.cs
  artifactKey: Guid(17a0c46ab81025d4c9b282a5c0eeda42) Importer(815301076,1909f56bfc062723c751e8b465ee728b)
Start importing Assets/Scripts/BallTracker.cs using Guid(17a0c46ab81025d4c9b282a5c0eeda42) Importer(815301076,1909f56bfc062723c751e8b465ee728b)  -> (artifact id: 'ef76c81e5b919d9e2f6072ba398a138c') in 0.012447 seconds
  Import took 0.017804 seconds .

========================================================================
Received Prepare
Registering precompiled user dll's ...
Registered in 0.005974 seconds.
Begin MonoManager ReloadAssembly
Native extension for WindowsStandalone target not found
Refreshing native plugins compatible for Editor in 0.93 ms, found 2 plugins.
Preloading 0 native plugins for Editor in 0.00 ms.
Mono: successfully reloaded assembly
- Completed reload, in  1.390 seconds
Platform modules already initialized, skipping
Switching build target platform(19) subTarget(0) extendedPlatform(0) -> platform(13) subTarget(537395200) extendedPlatform(0)
Refreshing native plugins compatible for Editor in 0.71 ms, found 2 plugins.
Preloading 0 native plugins for Editor in 0.00 ms.
Unloading 1489 Unused Serialized files (Serialized files now loaded: 0)
System memory in use before: 70.7 MB.
System memory in use after: 70.9 MB.

Unloading 26 unused Assets to reduce memory usage. Loaded Objects now: 2009.
Total: 3.258800 ms (FindLiveObjects: 0.228700 ms CreateObjectMapping: 0.047700 ms MarkObjects: 2.941700 ms  DeleteObjects: 0.038300 ms)

AssetImportParameters requested are different than current active one (requested -> active):
  custom:graphics/normal-map-encoding: 01000000000000000000000000000000 -> 02000000000000000000000000000000
========================================================================
Received Prepare
Registering precompiled user dll's ...
Registered in 0.006364 seconds.
Begin MonoManager ReloadAssembly
Native extension for WindowsStandalone target not found
Refreshing native plugins compatible for Editor in 0.56 ms, found 2 plugins.
Preloading 0 native plugins for Editor in 0.00 ms.
Mono: successfully reloaded assembly
- Completed reload, in  1.308 seconds
Platform modules already initialized, skipping
Switching build target platform(19) subTarget(0) extendedPlatform(0) -> platform(13) subTarget(537395200) extendedPlatform(0)
Refreshing native plugins compatible for Editor in 0.56 ms, found 2 plugins.
Preloading 0 native plugins for Editor in 0.00 ms.
Unloading 1489 Unused Serialized files (Serialized files now loaded: 0)
System memory in use before: 70.7 MB.
System memory in use after: 70.9 MB.

Unloading 26 unused Assets to reduce memory usage. Loaded Objects now: 2012.
Total: 2.561400 ms (FindLiveObjects: 0.251200 ms CreateObjectMapping: 0.042500 ms MarkObjects: 2.239500 ms  DeleteObjects: 0.026200 ms)

AssetImportParameters requested are different than current active one (requested -> active):
  custom:graphics/normal-map-encoding: 01000000000000000000000000000000 -> 02000000000000000000000000000000
========================================================================
Received Import Request.
  Time since last request: 315.707383 seconds.
  path: Assets/Scripts/BallTracker.cs
  artifactKey: Guid(17a0c46ab81025d4c9b282a5c0eeda42) Importer(815301076,1909f56bfc062723c751e8b465ee728b)
Start importing Assets/Scripts/BallTracker.cs using Guid(17a0c46ab81025d4c9b282a5c0eeda42) Importer(815301076,1909f56bfc062723c751e8b465ee728b)  -> (artifact id: '63e902e66b435238d22548a045cc8f7b') in 0.006561 seconds
  Import took 0.009743 seconds .

========================================================================
Received Prepare
Registering precompiled user dll's ...
Registered in 0.003815 seconds.
Begin MonoManager ReloadAssembly
Native extension for WindowsStandalone target not found
Refreshing native plugins compatible for Editor in 0.56 ms, found 2 plugins.
Preloading 0 native plugins for Editor in 0.00 ms.
Mono: successfully reloaded assembly
- Completed reload, in  1.309 seconds
Platform modules already initialized, skipping
Switching build target platform(19) subTarget(0) extendedPlatform(0) -> platform(13) subTarget(537395200) extendedPlatform(0)
Refreshing native plugins compatible for Editor in 0.54 ms, found 2 plugins.
Preloading 0 native plugins for Editor in 0.00 ms.
Unloading 1489 Unused Serialized files (Serialized files now loaded: 0)
System memory in use before: 70.8 MB.
System memory in use after: 70.9 MB.

Unloading 26 unused Assets to reduce memory usage. Loaded Objects now: 2015.
Total: 2.604100 ms (FindLiveObjects: 0.205700 ms CreateObjectMapping: 0.039100 ms MarkObjects: 2.321700 ms  DeleteObjects: 0.035900 ms)

AssetImportParameters requested are different than current active one (requested -> active):
  custom:graphics/normal-map-encoding: 01000000000000000000000000000000 -> 02000000000000000000000000000000
========================================================================
Received Prepare
Registering precompiled user dll's ...
Registered in 0.003737 seconds.
Begin MonoManager ReloadAssembly
Native extension for WindowsStandalone target not found
Refreshing native plugins compatible for Editor in 1.01 ms, found 2 plugins.
Preloading 0 native plugins for Editor in 0.00 ms.
Mono: successfully reloaded assembly
- Completed reload, in  1.324 seconds
Platform modules already initialized, skipping
Switching build target platform(19) subTarget(0) extendedPlatform(0) -> platform(13) subTarget(537395200) extendedPlatform(0)
Refreshing native plugins compatible for Editor in 0.62 ms, found 2 plugins.
Preloading 0 native plugins for Editor in 0.00 ms.
Unloading 1489 Unused Serialized files (Serialized files now loaded: 0)
System memory in use before: 70.8 MB.
System memory in use after: 70.9 MB.

Unloading 26 unused Assets to reduce memory usage. Loaded Objects now: 2018.
Total: 3.909400 ms (FindLiveObjects: 0.260400 ms CreateObjectMapping: 0.046300 ms MarkObjects: 3.560800 ms  DeleteObjects: 0.040100 ms)

AssetImportParameters requested are different than current active one (requested -> active):
  custom:graphics/normal-map-encoding: 01000000000000000000000000000000 -> 02000000000000000000000000000000
========================================================================
Received Prepare
Registering precompiled user dll's ...
Registered in 0.004675 seconds.
Begin MonoManager ReloadAssembly
Native extension for WindowsStandalone target not found
Refreshing native plugins compatible for Editor in 0.70 ms, found 2 plugins.
Preloading 0 native plugins for Editor in 0.00 ms.
Mono: successfully reloaded assembly
- Completed reload, in  1.405 seconds
Platform modules already initialized, skipping
Switching build target platform(19) subTarget(0) extendedPlatform(0) -> platform(13) subTarget(537395200) extendedPlatform(0)
Refreshing native plugins compatible for Editor in 0.56 ms, found 2 plugins.
Preloading 0 native plugins for Editor in 0.00 ms.
Unloading 1489 Unused Serialized files (Serialized files now loaded: 0)
System memory in use before: 70.8 MB.
System memory in use after: 70.9 MB.

Unloading 26 unused Assets to reduce memory usage. Loaded Objects now: 2021.
Total: 2.675300 ms (FindLiveObjects: 0.340000 ms CreateObjectMapping: 0.053300 ms MarkObjects: 2.253700 ms  DeleteObjects: 0.026600 ms)

AssetImportParameters requested are different than current active one (requested -> active):
  custom:graphics/normal-map-encoding: 01000000000000000000000000000000 -> 02000000000000000000000000000000
========================================================================
Received Import Request.
  Time since last request: 424.142964 seconds.
  path: Assets/Scripts/Ball.cs
  artifactKey: Guid(f36eae6786c43364094c76d4a0274a69) Importer(815301076,1909f56bfc062723c751e8b465ee728b)
Start importing Assets/Scripts/Ball.cs using Guid(f36eae6786c43364094c76d4a0274a69) Importer(815301076,1909f56bfc062723c751e8b465ee728b)  -> (artifact id: 'ddbb2d3f0e1f0563820b074dc363fd00') in 0.013673 seconds
  Import took 0.020556 seconds .

========================================================================
Received Import Request.
  Time since last request: 0.034215 seconds.
  path: Assets/Scripts/Ball.cs
  artifactKey: Guid(f36eae6786c43364094c76d4a0274a69) Importer(815301076,1909f56bfc062723c751e8b465ee728b)
Start importing Assets/Scripts/Ball.cs using Guid(f36eae6786c43364094c76d4a0274a69) Importer(815301076,1909f56bfc062723c751e8b465ee728b)  -> (artifact id: 'ddbb2d3f0e1f0563820b074dc363fd00') in 0.003609 seconds
  Import took 0.009012 seconds .

========================================================================
Received Prepare
Registering precompiled user dll's ...
Registered in 0.003310 seconds.
Begin MonoManager ReloadAssembly
Native extension for WindowsStandalone target not found
Refreshing native plugins compatible for Editor in 0.56 ms, found 2 plugins.
Preloading 0 native plugins for Editor in 0.00 ms.
Mono: successfully reloaded assembly
- Completed reload, in  1.357 seconds
Platform modules already initialized, skipping
Switching build target platform(19) subTarget(0) extendedPlatform(0) -> platform(13) subTarget(537395200) extendedPlatform(0)
Refreshing native plugins compatible for Editor in 0.78 ms, found 2 plugins.
Preloading 0 native plugins for Editor in 0.00 ms.
Unloading 1489 Unused Serialized files (Serialized files now loaded: 0)
System memory in use before: 70.8 MB.
System memory in use after: 70.9 MB.

Unloading 26 unused Assets to reduce memory usage. Loaded Objects now: 2024.
Total: 3.630000 ms (FindLiveObjects: 0.309800 ms CreateObjectMapping: 0.054100 ms MarkObjects: 3.233700 ms  DeleteObjects: 0.029700 ms)

AssetImportParameters requested are different than current active one (requested -> active):
  custom:graphics/normal-map-encoding: 01000000000000000000000000000000 -> 02000000000000000000000000000000
========================================================================
Received Prepare
Registering precompiled user dll's ...
Registered in 0.004104 seconds.
Begin MonoManager ReloadAssembly
Native extension for WindowsStandalone target not found
Refreshing native plugins compatible for Editor in 0.56 ms, found 2 plugins.
Preloading 0 native plugins for Editor in 0.00 ms.
Mono: successfully reloaded assembly
- Completed reload, in  1.266 seconds
Platform modules already initialized, skipping
Switching build target platform(19) subTarget(0) extendedPlatform(0) -> platform(13) subTarget(537395200) extendedPlatform(0)
Refreshing native plugins compatible for Editor in 0.55 ms, found 2 plugins.
Preloading 0 native plugins for Editor in 0.00 ms.
Unloading 1489 Unused Serialized files (Serialized files now loaded: 0)
System memory in use before: 70.8 MB.
System memory in use after: 70.9 MB.

Unloading 26 unused Assets to reduce memory usage. Loaded Objects now: 2027.
Total: 2.520100 ms (FindLiveObjects: 0.257300 ms CreateObjectMapping: 0.039300 ms MarkObjects: 2.194900 ms  DeleteObjects: 0.026400 ms)

AssetImportParameters requested are different than current active one (requested -> active):
  custom:graphics/normal-map-encoding: 01000000000000000000000000000000 -> 02000000000000000000000000000000
========================================================================
Received Import Request.
  Time since last request: 1011.963942 seconds.
  path: Assets/Scripts/Spawner.cs
  artifactKey: Guid(4c1e931a8d8bfbc449daa7075a0ac546) Importer(815301076,1909f56bfc062723c751e8b465ee728b)
Start importing Assets/Scripts/Spawner.cs using Guid(4c1e931a8d8bfbc449daa7075a0ac546) Importer(815301076,1909f56bfc062723c751e8b465ee728b)  -> (artifact id: 'bcf3c9bb500c2378e240a37a0bec3267') in 0.008089 seconds
  Import took 0.013453 seconds .

========================================================================
Received Import Request.
  Time since last request: 0.039979 seconds.
  path: Assets/Scripts/Spawner.cs
  artifactKey: Guid(4c1e931a8d8bfbc449daa7075a0ac546) Importer(815301076,1909f56bfc062723c751e8b465ee728b)
Start importing Assets/Scripts/Spawner.cs using Guid(4c1e931a8d8bfbc449daa7075a0ac546) Importer(815301076,1909f56bfc062723c751e8b465ee728b)  -> (artifact id: 'bcf3c9bb500c2378e240a37a0bec3267') in 0.003404 seconds
  Import took 0.008056 seconds .

========================================================================
Received Import Request.
  Time since last request: 1.869000 seconds.
  path: Assets/Scripts/Finish.cs
  artifactKey: Guid(d0e90bacad4246e43bba6a4e428f6324) Importer(815301076,1909f56bfc062723c751e8b465ee728b)
Start importing Assets/Scripts/Finish.cs using Guid(d0e90bacad4246e43bba6a4e428f6324) Importer(815301076,1909f56bfc062723c751e8b465ee728b)  -> (artifact id: 'ef392ed47747645572c86b85821b9954') in 0.004112 seconds
  Import took 0.010444 seconds .

========================================================================
Received Import Request.
  Time since last request: 1.425118 seconds.
  path: Assets/Scripts/BallTracker.cs
  artifactKey: Guid(17a0c46ab81025d4c9b282a5c0eeda42) Importer(815301076,1909f56bfc062723c751e8b465ee728b)
Start importing Assets/Scripts/BallTracker.cs using Guid(17a0c46ab81025d4c9b282a5c0eeda42) Importer(815301076,1909f56bfc062723c751e8b465ee728b)  -> (artifact id: '2326ce722d320c62b6a0a81c3f3c39c8') in 0.004239 seconds
  Import took 0.010786 seconds .

========================================================================
Received Import Request.
  Time since last request: 0.356950 seconds.
  path: Assets/Scripts/Ball.cs
  artifactKey: Guid(f36eae6786c43364094c76d4a0274a69) Importer(815301076,1909f56bfc062723c751e8b465ee728b)
Start importing Assets/Scripts/Ball.cs using Guid(f36eae6786c43364094c76d4a0274a69) Importer(815301076,1909f56bfc062723c751e8b465ee728b)  -> (artifact id: '4d1c14cd4b14dcfee72de87aefc803d7') in 0.004618 seconds
  Import took 0.011048 seconds .

AssetImportWorkerClient::OnTransportError - code=2 error=End of file
